<?xml version="1.0" encoding="UTF-8"?>
<robot generator="Robot 6.0.2 (Python 3.11.3 on win32)" generated="20230914 00:32:14.105" rpa="false" schemaversion="3">
<suite id="s1" name="Usuarios" source="C:\Users\Dayen\OneDrive\Área de Trabalho\Testes Automatizados\Orange\suites\usuarios">
<suite id="s1-s1" name="Massa De Usuario" source="C:\Users\Dayen\OneDrive\Área de Trabalho\Testes Automatizados\Orange\suites\usuarios\massa de usuario.robot">
<test id="s1-s1-t1" name="TC01- Cenario de teste: Cadastro de Funcionário" line="68">
<kw name="Acessar o site e Logar" library="setup_teardoown" type="SETUP">
<kw name="Dado que acesse o RangerRH" library="login_page">
<kw name="Open Browser" library="SeleniumLibrary">
<arg>${URL}</arg>
<arg>${browser}</arg>
<doc>Opens a new browser instance to the optional ``url``.</doc>
<msg timestamp="20230914 00:32:15.244" level="INFO">Opening browser 'chrome' to base url 'https://opensource-demo.orangehrmlive.com/web/index.php/auth/login'.</msg>
<status status="PASS" starttime="20230914 00:32:15.243" endtime="20230914 00:32:20.222"/>
</kw>
<status status="PASS" starttime="20230914 00:32:15.243" endtime="20230914 00:32:20.223"/>
</kw>
<kw name="E Realize o Login" library="login_page">
<kw name="Sleep" library="BuiltIn">
<arg>2s</arg>
<doc>Pauses the test executed for the given time.</doc>
<msg timestamp="20230914 00:32:22.224" level="INFO">Slept 2 seconds</msg>
<status status="PASS" starttime="20230914 00:32:20.224" endtime="20230914 00:32:22.224"/>
</kw>
<kw name="Input Text" library="SeleniumLibrary">
<arg>${input_nome}</arg>
<arg>Admin</arg>
<doc>Types the given ``text`` into the text field identified by ``locator``.</doc>
<msg timestamp="20230914 00:32:22.226" level="INFO">Typing text 'Admin' into text field 'name:username'.</msg>
<status status="PASS" starttime="20230914 00:32:22.224" endtime="20230914 00:32:22.392"/>
</kw>
<kw name="Input Text" library="SeleniumLibrary">
<arg>${input_senha}</arg>
<arg>admin123</arg>
<doc>Types the given ``text`` into the text field identified by ``locator``.</doc>
<msg timestamp="20230914 00:32:22.393" level="INFO">Typing text 'admin123' into text field 'name:password'.</msg>
<status status="PASS" starttime="20230914 00:32:22.392" endtime="20230914 00:32:22.577"/>
</kw>
<kw name="Wait Until Element Is Visible" library="SeleniumLibrary">
<arg>//button[contains(.,'Login')]</arg>
<doc>Waits until the element ``locator`` is visible.</doc>
<status status="PASS" starttime="20230914 00:32:22.578" endtime="20230914 00:32:22.613"/>
</kw>
<kw name="Click Element" library="SeleniumLibrary">
<arg>${input_botão}</arg>
<doc>Click the element identified by ``locator``.</doc>
<msg timestamp="20230914 00:32:22.613" level="INFO">Clicking element '//button[contains(.,'Login')]'.</msg>
<status status="PASS" starttime="20230914 00:32:22.613" endtime="20230914 00:32:23.907"/>
</kw>
<kw name="Sleep" library="BuiltIn">
<arg>2s</arg>
<doc>Pauses the test executed for the given time.</doc>
<msg timestamp="20230914 00:32:25.908" level="INFO">Slept 2 seconds</msg>
<status status="PASS" starttime="20230914 00:32:23.907" endtime="20230914 00:32:25.908"/>
</kw>
<status status="PASS" starttime="20230914 00:32:20.223" endtime="20230914 00:32:25.908"/>
</kw>
<kw name="Então, a pagina inicial de Dashboard sera exibida" library="login_page">
<kw name="Maximize Browser Window" library="SeleniumLibrary">
<doc>Maximizes current browser window.</doc>
<status status="PASS" starttime="20230914 00:32:25.909" endtime="20230914 00:32:26.083"/>
</kw>
<status status="PASS" starttime="20230914 00:32:25.909" endtime="20230914 00:32:26.085"/>
</kw>
<status status="PASS" starttime="20230914 00:32:15.242" endtime="20230914 00:32:26.085"/>
</kw>
<kw name="Dado que eu acesse a opção PIM, no menu">
<kw name="Wait Until Element Is Visible" library="SeleniumLibrary">
<arg>//span[contains(.,'PIM')]</arg>
<doc>Waits until the element ``locator`` is visible.</doc>
<status status="PASS" starttime="20230914 00:32:26.087" endtime="20230914 00:32:26.188"/>
</kw>
<kw name="Click Element" library="SeleniumLibrary">
<arg>//span[contains(.,'PIM')]</arg>
<doc>Click the element identified by ``locator``.</doc>
<msg timestamp="20230914 00:32:26.190" level="INFO">Clicking element '//span[contains(.,'PIM')]'.</msg>
<status status="PASS" starttime="20230914 00:32:26.189" endtime="20230914 00:32:27.299"/>
</kw>
<status status="PASS" starttime="20230914 00:32:26.086" endtime="20230914 00:32:27.299"/>
</kw>
<kw name="E clico Add Employee">
<kw name="Wait Until Element Is Visible" library="SeleniumLibrary">
<arg>//a[contains(.,'Add Employee')]</arg>
<doc>Waits until the element ``locator`` is visible.</doc>
<status status="PASS" starttime="20230914 00:32:27.301" endtime="20230914 00:32:27.929"/>
</kw>
<kw name="Click Element" library="SeleniumLibrary">
<arg>//a[contains(.,'Add Employee')]</arg>
<doc>Click the element identified by ``locator``.</doc>
<msg timestamp="20230914 00:32:27.930" level="INFO">Clicking element '//a[contains(.,'Add Employee')]'.</msg>
<status status="PASS" starttime="20230914 00:32:27.929" endtime="20230914 00:32:28.876"/>
</kw>
<kw name="Sleep" library="BuiltIn">
<arg>2s</arg>
<doc>Pauses the test executed for the given time.</doc>
<msg timestamp="20230914 00:32:30.877" level="INFO">Slept 2 seconds</msg>
<status status="PASS" starttime="20230914 00:32:28.876" endtime="20230914 00:32:30.877"/>
</kw>
<status status="PASS" starttime="20230914 00:32:27.300" endtime="20230914 00:32:30.877"/>
</kw>
<kw name="E adiciono 3 novos usuários" sourcename="E adiciono ${quantidade} novos usuários">
<for flavor="IN RANGE">
<var>${i}</var>
<value>${quantidade}</value>
<iter>
<var name="${i}">0</var>
<kw name="Wait Until Element Is Visible" library="SeleniumLibrary">
<arg>//input[@name="firstName"]</arg>
<doc>Waits until the element ``locator`` is visible.</doc>
<status status="PASS" starttime="20230914 00:32:30.878" endtime="20230914 00:32:30.901"/>
</kw>
<kw name="First Name" library="FakerLibrary">
<var>${nome}</var>
<msg timestamp="20230914 00:32:30.902" level="INFO">${nome} = Alexander</msg>
<status status="PASS" starttime="20230914 00:32:30.901" endtime="20230914 00:32:30.902"/>
</kw>
<kw name="Input Text" library="SeleniumLibrary">
<arg>${input_nomefuncionario}</arg>
<arg>${nome}</arg>
<doc>Types the given ``text`` into the text field identified by ``locator``.</doc>
<msg timestamp="20230914 00:32:30.903" level="INFO">Typing text 'Alexander' into text field '//input[@name="firstName"]'.</msg>
<status status="PASS" starttime="20230914 00:32:30.902" endtime="20230914 00:32:31.121"/>
</kw>
<kw name="Sleep" library="BuiltIn">
<arg>3s</arg>
<doc>Pauses the test executed for the given time.</doc>
<msg timestamp="20230914 00:32:34.121" level="INFO">Slept 3 seconds</msg>
<status status="PASS" starttime="20230914 00:32:31.121" endtime="20230914 00:32:34.121"/>
</kw>
<kw name="Last Name" library="FakerLibrary">
<var>${segundonome}</var>
<msg timestamp="20230914 00:32:34.121" level="INFO">${segundonome} = Griffith</msg>
<status status="PASS" starttime="20230914 00:32:34.121" endtime="20230914 00:32:34.121"/>
</kw>
<kw name="Input Text" library="SeleniumLibrary">
<arg>${input_segundonome}</arg>
<arg>${segundonome}</arg>
<doc>Types the given ``text`` into the text field identified by ``locator``.</doc>
<msg timestamp="20230914 00:32:34.122" level="INFO">Typing text 'Griffith' into text field '//input[@name="middleName"]'.</msg>
<status status="PASS" starttime="20230914 00:32:34.121" endtime="20230914 00:32:34.296"/>
</kw>
<kw name="Last Name" library="FakerLibrary">
<var>${sobrenome}</var>
<msg timestamp="20230914 00:32:34.297" level="INFO">${sobrenome} = Norris</msg>
<status status="PASS" starttime="20230914 00:32:34.296" endtime="20230914 00:32:34.297"/>
</kw>
<kw name="Input Text" library="SeleniumLibrary">
<arg>${input_sobrenome}</arg>
<arg>${sobrenome}</arg>
<doc>Types the given ``text`` into the text field identified by ``locator``.</doc>
<msg timestamp="20230914 00:32:34.297" level="INFO">Typing text 'Norris' into text field '//input[@name="lastName"]'.</msg>
<status status="PASS" starttime="20230914 00:32:34.297" endtime="20230914 00:32:34.470"/>
</kw>
<kw name="Sleep" library="BuiltIn">
<arg>3s</arg>
<doc>Pauses the test executed for the given time.</doc>
<msg timestamp="20230914 00:32:37.471" level="INFO">Slept 3 seconds</msg>
<status status="PASS" starttime="20230914 00:32:34.471" endtime="20230914 00:32:37.471"/>
</kw>
<kw name="Click Element" library="SeleniumLibrary">
<arg>${submit_save}</arg>
<doc>Click the element identified by ``locator``.</doc>
<msg timestamp="20230914 00:32:37.472" level="INFO">Clicking element '//*[@id="app"]/div[1]/div[2]/div[2]/div/div/form/div[2]/button[2]'.</msg>
<status status="PASS" starttime="20230914 00:32:37.471" endtime="20230914 00:32:37.588"/>
</kw>
<kw name="E clico Add Employee">
<kw name="Wait Until Element Is Visible" library="SeleniumLibrary">
<arg>//a[contains(.,'Add Employee')]</arg>
<doc>Waits until the element ``locator`` is visible.</doc>
<status status="PASS" starttime="20230914 00:32:37.589" endtime="20230914 00:32:37.640"/>
</kw>
<kw name="Click Element" library="SeleniumLibrary">
<arg>//a[contains(.,'Add Employee')]</arg>
<doc>Click the element identified by ``locator``.</doc>
<msg timestamp="20230914 00:32:37.641" level="INFO">Clicking element '//a[contains(.,'Add Employee')]'.</msg>
<status status="PASS" starttime="20230914 00:32:37.641" endtime="20230914 00:32:38.184"/>
</kw>
<kw name="Sleep" library="BuiltIn">
<arg>2s</arg>
<doc>Pauses the test executed for the given time.</doc>
<msg timestamp="20230914 00:32:40.185" level="INFO">Slept 2 seconds</msg>
<status status="PASS" starttime="20230914 00:32:38.184" endtime="20230914 00:32:40.185"/>
</kw>
<status status="PASS" starttime="20230914 00:32:37.589" endtime="20230914 00:32:40.185"/>
</kw>
<status status="PASS" starttime="20230914 00:32:30.877" endtime="20230914 00:32:40.185"/>
</iter>
<iter>
<var name="${i}">1</var>
<kw name="Wait Until Element Is Visible" library="SeleniumLibrary">
<arg>//input[@name="firstName"]</arg>
<doc>Waits until the element ``locator`` is visible.</doc>
<status status="PASS" starttime="20230914 00:32:40.185" endtime="20230914 00:32:40.204"/>
</kw>
<kw name="First Name" library="FakerLibrary">
<var>${nome}</var>
<msg timestamp="20230914 00:32:40.205" level="INFO">${nome} = Joseph</msg>
<status status="PASS" starttime="20230914 00:32:40.205" endtime="20230914 00:32:40.205"/>
</kw>
<kw name="Input Text" library="SeleniumLibrary">
<arg>${input_nomefuncionario}</arg>
<arg>${nome}</arg>
<doc>Types the given ``text`` into the text field identified by ``locator``.</doc>
<msg timestamp="20230914 00:32:40.206" level="INFO">Typing text 'Joseph' into text field '//input[@name="firstName"]'.</msg>
<status status="PASS" starttime="20230914 00:32:40.205" endtime="20230914 00:32:40.389"/>
</kw>
<kw name="Sleep" library="BuiltIn">
<arg>3s</arg>
<doc>Pauses the test executed for the given time.</doc>
<msg timestamp="20230914 00:32:43.390" level="INFO">Slept 3 seconds</msg>
<status status="PASS" starttime="20230914 00:32:40.390" endtime="20230914 00:32:43.390"/>
</kw>
<kw name="Last Name" library="FakerLibrary">
<var>${segundonome}</var>
<msg timestamp="20230914 00:32:43.391" level="INFO">${segundonome} = Smith</msg>
<status status="PASS" starttime="20230914 00:32:43.391" endtime="20230914 00:32:43.391"/>
</kw>
<kw name="Input Text" library="SeleniumLibrary">
<arg>${input_segundonome}</arg>
<arg>${segundonome}</arg>
<doc>Types the given ``text`` into the text field identified by ``locator``.</doc>
<msg timestamp="20230914 00:32:43.392" level="INFO">Typing text 'Smith' into text field '//input[@name="middleName"]'.</msg>
<status status="PASS" starttime="20230914 00:32:43.391" endtime="20230914 00:32:43.581"/>
</kw>
<kw name="Last Name" library="FakerLibrary">
<var>${sobrenome}</var>
<msg timestamp="20230914 00:32:43.582" level="INFO">${sobrenome} = Rodriguez</msg>
<status status="PASS" starttime="20230914 00:32:43.581" endtime="20230914 00:32:43.582"/>
</kw>
<kw name="Input Text" library="SeleniumLibrary">
<arg>${input_sobrenome}</arg>
<arg>${sobrenome}</arg>
<doc>Types the given ``text`` into the text field identified by ``locator``.</doc>
<msg timestamp="20230914 00:32:43.583" level="INFO">Typing text 'Rodriguez' into text field '//input[@name="lastName"]'.</msg>
<status status="PASS" starttime="20230914 00:32:43.582" endtime="20230914 00:32:43.763"/>
</kw>
<kw name="Sleep" library="BuiltIn">
<arg>3s</arg>
<doc>Pauses the test executed for the given time.</doc>
<msg timestamp="20230914 00:32:46.764" level="INFO">Slept 3 seconds</msg>
<status status="PASS" starttime="20230914 00:32:43.763" endtime="20230914 00:32:46.764"/>
</kw>
<kw name="Click Element" library="SeleniumLibrary">
<arg>${submit_save}</arg>
<doc>Click the element identified by ``locator``.</doc>
<msg timestamp="20230914 00:32:46.765" level="INFO">Clicking element '//*[@id="app"]/div[1]/div[2]/div[2]/div/div/form/div[2]/button[2]'.</msg>
<status status="PASS" starttime="20230914 00:32:46.764" endtime="20230914 00:32:46.846"/>
</kw>
<kw name="E clico Add Employee">
<kw name="Wait Until Element Is Visible" library="SeleniumLibrary">
<arg>//a[contains(.,'Add Employee')]</arg>
<doc>Waits until the element ``locator`` is visible.</doc>
<status status="PASS" starttime="20230914 00:32:46.846" endtime="20230914 00:32:46.888"/>
</kw>
<kw name="Click Element" library="SeleniumLibrary">
<arg>//a[contains(.,'Add Employee')]</arg>
<doc>Click the element identified by ``locator``.</doc>
<msg timestamp="20230914 00:32:46.889" level="INFO">Clicking element '//a[contains(.,'Add Employee')]'.</msg>
<status status="PASS" starttime="20230914 00:32:46.888" endtime="20230914 00:32:47.464"/>
</kw>
<kw name="Sleep" library="BuiltIn">
<arg>2s</arg>
<doc>Pauses the test executed for the given time.</doc>
<msg timestamp="20230914 00:32:49.465" level="INFO">Slept 2 seconds</msg>
<status status="PASS" starttime="20230914 00:32:47.465" endtime="20230914 00:32:49.465"/>
</kw>
<status status="PASS" starttime="20230914 00:32:46.846" endtime="20230914 00:32:49.465"/>
</kw>
<status status="PASS" starttime="20230914 00:32:40.185" endtime="20230914 00:32:49.465"/>
</iter>
<iter>
<var name="${i}">2</var>
<kw name="Wait Until Element Is Visible" library="SeleniumLibrary">
<arg>//input[@name="firstName"]</arg>
<doc>Waits until the element ``locator`` is visible.</doc>
<status status="PASS" starttime="20230914 00:32:49.465" endtime="20230914 00:32:49.490"/>
</kw>
<kw name="First Name" library="FakerLibrary">
<var>${nome}</var>
<msg timestamp="20230914 00:32:49.491" level="INFO">${nome} = Charles</msg>
<status status="PASS" starttime="20230914 00:32:49.490" endtime="20230914 00:32:49.491"/>
</kw>
<kw name="Input Text" library="SeleniumLibrary">
<arg>${input_nomefuncionario}</arg>
<arg>${nome}</arg>
<doc>Types the given ``text`` into the text field identified by ``locator``.</doc>
<msg timestamp="20230914 00:32:49.492" level="INFO">Typing text 'Charles' into text field '//input[@name="firstName"]'.</msg>
<status status="PASS" starttime="20230914 00:32:49.491" endtime="20230914 00:32:49.696"/>
</kw>
<kw name="Sleep" library="BuiltIn">
<arg>3s</arg>
<doc>Pauses the test executed for the given time.</doc>
<msg timestamp="20230914 00:32:52.698" level="INFO">Slept 3 seconds</msg>
<status status="PASS" starttime="20230914 00:32:49.697" endtime="20230914 00:32:52.698"/>
</kw>
<kw name="Last Name" library="FakerLibrary">
<var>${segundonome}</var>
<msg timestamp="20230914 00:32:52.698" level="INFO">${segundonome} = Miller</msg>
<status status="PASS" starttime="20230914 00:32:52.698" endtime="20230914 00:32:52.698"/>
</kw>
<kw name="Input Text" library="SeleniumLibrary">
<arg>${input_segundonome}</arg>
<arg>${segundonome}</arg>
<doc>Types the given ``text`` into the text field identified by ``locator``.</doc>
<msg timestamp="20230914 00:32:52.698" level="INFO">Typing text 'Miller' into text field '//input[@name="middleName"]'.</msg>
<status status="PASS" starttime="20230914 00:32:52.698" endtime="20230914 00:32:52.887"/>
</kw>
<kw name="Last Name" library="FakerLibrary">
<var>${sobrenome}</var>
<msg timestamp="20230914 00:32:52.887" level="INFO">${sobrenome} = Thornton</msg>
<status status="PASS" starttime="20230914 00:32:52.887" endtime="20230914 00:32:52.887"/>
</kw>
<kw name="Input Text" library="SeleniumLibrary">
<arg>${input_sobrenome}</arg>
<arg>${sobrenome}</arg>
<doc>Types the given ``text`` into the text field identified by ``locator``.</doc>
<msg timestamp="20230914 00:32:52.888" level="INFO">Typing text 'Thornton' into text field '//input[@name="lastName"]'.</msg>
<status status="PASS" starttime="20230914 00:32:52.887" endtime="20230914 00:32:53.114"/>
</kw>
<kw name="Sleep" library="BuiltIn">
<arg>3s</arg>
<doc>Pauses the test executed for the given time.</doc>
<msg timestamp="20230914 00:32:56.114" level="INFO">Slept 3 seconds</msg>
<status status="PASS" starttime="20230914 00:32:53.114" endtime="20230914 00:32:56.114"/>
</kw>
<kw name="Click Element" library="SeleniumLibrary">
<arg>${submit_save}</arg>
<doc>Click the element identified by ``locator``.</doc>
<msg timestamp="20230914 00:32:56.115" level="INFO">Clicking element '//*[@id="app"]/div[1]/div[2]/div[2]/div/div/form/div[2]/button[2]'.</msg>
<status status="PASS" starttime="20230914 00:32:56.114" endtime="20230914 00:32:56.192"/>
</kw>
<kw name="E clico Add Employee">
<kw name="Wait Until Element Is Visible" library="SeleniumLibrary">
<arg>//a[contains(.,'Add Employee')]</arg>
<doc>Waits until the element ``locator`` is visible.</doc>
<status status="PASS" starttime="20230914 00:32:56.193" endtime="20230914 00:32:56.230"/>
</kw>
<kw name="Click Element" library="SeleniumLibrary">
<arg>//a[contains(.,'Add Employee')]</arg>
<doc>Click the element identified by ``locator``.</doc>
<msg timestamp="20230914 00:32:56.231" level="INFO">Clicking element '//a[contains(.,'Add Employee')]'.</msg>
<status status="PASS" starttime="20230914 00:32:56.230" endtime="20230914 00:32:56.783"/>
</kw>
<kw name="Sleep" library="BuiltIn">
<arg>2s</arg>
<doc>Pauses the test executed for the given time.</doc>
<msg timestamp="20230914 00:32:58.785" level="INFO">Slept 2 seconds</msg>
<status status="PASS" starttime="20230914 00:32:56.783" endtime="20230914 00:32:58.785"/>
</kw>
<status status="PASS" starttime="20230914 00:32:56.192" endtime="20230914 00:32:58.785"/>
</kw>
<status status="PASS" starttime="20230914 00:32:49.465" endtime="20230914 00:32:58.786"/>
</iter>
<status status="PASS" starttime="20230914 00:32:30.877" endtime="20230914 00:32:58.786"/>
</for>
<status status="PASS" starttime="20230914 00:32:30.877" endtime="20230914 00:32:58.786"/>
</kw>
<kw name="Então, confirmo os novos usuarios na lista">
<kw name="Wait Until Element Is Visible" library="SeleniumLibrary">
<arg>${lista_link}</arg>
<doc>Waits until the element ``locator`` is visible.</doc>
<status status="PASS" starttime="20230914 00:32:58.787" endtime="20230914 00:32:58.824"/>
</kw>
<kw name="Click Element" library="SeleniumLibrary">
<arg>${lista_link}</arg>
<doc>Click the element identified by ``locator``.</doc>
<msg timestamp="20230914 00:32:58.825" level="INFO">Clicking element '//a[contains(.,'Employee List')]'.</msg>
<status status="PASS" starttime="20230914 00:32:58.825" endtime="20230914 00:32:59.553"/>
</kw>
<kw name="Sleep" library="BuiltIn">
<arg>3s</arg>
<doc>Pauses the test executed for the given time.</doc>
<msg timestamp="20230914 00:33:02.554" level="INFO">Slept 3 seconds</msg>
<status status="PASS" starttime="20230914 00:32:59.553" endtime="20230914 00:33:02.554"/>
</kw>
<kw name="Click Element" library="SeleniumLibrary">
<arg>//*[@id="app"]/div[1]/div[2]/div[2]/div/div[2]/div[4]/nav/ul/li[3]/button</arg>
<doc>Click the element identified by ``locator``.</doc>
<msg timestamp="20230914 00:33:02.555" level="INFO">Clicking element '//*[@id="app"]/div[1]/div[2]/div[2]/div/div[2]/div[4]/nav/ul/li[3]/button'.</msg>
<status status="PASS" starttime="20230914 00:33:02.555" endtime="20230914 00:33:02.644"/>
</kw>
<kw name="Sleep" library="BuiltIn">
<arg>3s</arg>
<doc>Pauses the test executed for the given time.</doc>
<msg timestamp="20230914 00:33:05.646" level="INFO">Slept 3 seconds</msg>
<status status="PASS" starttime="20230914 00:33:02.644" endtime="20230914 00:33:05.646"/>
</kw>
<kw name="Capture Element Screenshot" library="SeleniumLibrary">
<arg>//*[@id="app"]/div[1]/div[2]</arg>
<doc>Captures a screenshot from the element identified by ``locator`` and embeds it into log file.</doc>
<msg timestamp="20230914 00:33:06.091" level="INFO" html="true">&lt;/td&gt;&lt;/tr&gt;&lt;tr&gt;&lt;td colspan="3"&gt;&lt;a href="selenium-element-screenshot-14.png"&gt;&lt;img src="selenium-element-screenshot-14.png" width="400px"&gt;&lt;/a&gt;</msg>
<status status="PASS" starttime="20230914 00:33:05.646" endtime="20230914 00:33:06.091"/>
</kw>
<status status="PASS" starttime="20230914 00:32:58.786" endtime="20230914 00:33:06.091"/>
</kw>
<kw name="Fechar Sistema">
<kw name="Close Browser" library="SeleniumLibrary">
<doc>Closes the current browser.</doc>
<status status="PASS" starttime="20230914 00:33:06.092" endtime="20230914 00:33:08.519"/>
</kw>
<status status="PASS" starttime="20230914 00:33:06.091" endtime="20230914 00:33:08.519"/>
</kw>
<status status="PASS" starttime="20230914 00:32:15.241" endtime="20230914 00:33:08.520"/>
</test>
<status status="PASS" starttime="20230914 00:32:14.154" endtime="20230914 00:33:08.523"/>
</suite>
<status status="PASS" starttime="20230914 00:32:14.110" endtime="20230914 00:33:08.529"/>
</suite>
<statistics>
<total>
<stat pass="1" fail="0" skip="0">All Tests</stat>
</total>
<tag>
</tag>
<suite>
<stat pass="1" fail="0" skip="0" id="s1" name="Usuarios">Usuarios</stat>
<stat pass="1" fail="0" skip="0" id="s1-s1" name="Massa De Usuario">Usuarios.Massa De Usuario</stat>
</suite>
</statistics>
<errors>
</errors>
</robot>
